<?xml version="1.0" encoding="UTF-8"?>
<!-- Generated by org.testng.reporters.JUnitXMLReporter -->
<testsuite ignored="0" hostname="LAPTOP-G5CSE2DK" failures="1" tests="2" name="Test Check" time="0.011" errors="0" timestamp="2022-03-10T14:03:37 CET">
  <testcase classname="test.demo2" name="Execute" time="0.0"/>
  <testcase classname="test.demo2" name="test2" time="0.0">
    <failure type="org.testng.TestNGException" message="
Parameter &amp;apos;URL&amp;apos; is required by @Test on method test2 but has not been marked @Optional or defined
in C:\Users\Sruthi\eclipse-workspace\SeleniumAutomation-Framework\TestNGTutorial\testng5.xml">
      <![CDATA[org.testng.TestNGException: 
Parameter 'URL' is required by @Test on method test2 but has not been marked @Optional or defined
in C:\Users\Sruthi\eclipse-workspace\SeleniumAutomation-Framework\TestNGTutorial\testng5.xml
at java.base/java.util.ArrayList.forEach(ArrayList.java:1511)
... Removed 26 stack frames]]>
    </failure>
  </testcase> <!-- test2 -->
</testsuite> <!-- Test Check -->
