<?xml version="1.0" encoding="UTF-8"?>
<testng-results ignored="0" total="6" passed="5" failed="1" skipped="0">
  <reporter-output>
  </reporter-output>
  <suite started-at="2022-05-03T15:52:56 BST" name="TestNG Suite" finished-at="2022-05-03T15:52:56 BST" duration-ms="52">
    <groups>
    </groups>
    <test started-at="2022-05-03T15:52:56 BST" name="Regression" finished-at="2022-05-03T15:52:56 BST" duration-ms="52">
      <class name="test.demo6">
        <test-method signature="HomePage()[pri:0, instance:test.demo6@647fd8ce]" started-at="2022-05-03T15:52:56 BST" name="HomePage" finished-at="2022-05-03T15:52:56 BST" duration-ms="7" status="PASS">
          <reporter-output>
          </reporter-output>
        </test-method> <!-- HomePage -->
        <test-method signature="LoginPage(java.lang.String,java.lang.String)[pri:0, instance:test.demo6@647fd8ce]" started-at="2022-05-03T15:52:56 BST" name="LoginPage" data-provider="getData" finished-at="2022-05-03T15:52:56 BST" duration-ms="2" status="PASS">
          <params>
            <param index="0">
              <value>
                <![CDATA[Sruthi]]>
              </value>
            </param>
            <param index="1">
              <value>
                <![CDATA[1234]]>
              </value>
            </param>
          </params>
          <reporter-output>
          </reporter-output>
        </test-method> <!-- LoginPage -->
        <test-method signature="LoginPage(java.lang.String,java.lang.String)[pri:0, instance:test.demo6@647fd8ce]" started-at="2022-05-03T15:52:56 BST" name="LoginPage" data-provider="getData" finished-at="2022-05-03T15:52:56 BST" duration-ms="2" status="PASS">
          <params>
            <param index="0">
              <value>
                <![CDATA[Swetha]]>
              </value>
            </param>
            <param index="1">
              <value>
                <![CDATA[5678]]>
              </value>
            </param>
          </params>
          <reporter-output>
          </reporter-output>
        </test-method> <!-- LoginPage -->
        <test-method signature="LoginPage(java.lang.String,java.lang.String)[pri:0, instance:test.demo6@647fd8ce]" started-at="2022-05-03T15:52:56 BST" name="LoginPage" data-provider="getData" finished-at="2022-05-03T15:52:56 BST" duration-ms="1" status="PASS">
          <params>
            <param index="0">
              <value>
                <![CDATA[Siddhu]]>
              </value>
            </param>
            <param index="1">
              <value>
                <![CDATA[4444]]>
              </value>
            </param>
          </params>
          <reporter-output>
          </reporter-output>
        </test-method> <!-- LoginPage -->
        <test-method signature="MasterPage()[pri:0, instance:test.demo6@647fd8ce]" started-at="2022-05-03T15:52:56 BST" name="MasterPage" finished-at="2022-05-03T15:52:56 BST" duration-ms="1" status="PASS">
          <reporter-output>
          </reporter-output>
        </test-method> <!-- MasterPage -->
        <test-method signature="MasterPage2()[pri:0, instance:test.demo6@647fd8ce]" started-at="2022-05-03T15:52:56 BST" name="MasterPage2" finished-at="2022-05-03T15:52:56 BST" duration-ms="3" status="FAIL">
          <exception class="java.lang.AssertionError">
            <message>
              <![CDATA[expected [true] but found [false]]]>
            </message>
            <full-stacktrace>
              <![CDATA[java.lang.AssertionError: expected [true] but found [false]
at org.testng.Assert.fail(Assert.java:99)
at org.testng.Assert.failNotEquals(Assert.java:1037)
at org.testng.Assert.assertTrue(Assert.java:45)
at org.testng.Assert.assertTrue(Assert.java:55)
at test.demo6.MasterPage2(demo6.java:39)
at java.base/jdk.internal.reflect.NativeMethodAccessorImpl.invoke0(Native Method)
at java.base/jdk.internal.reflect.NativeMethodAccessorImpl.invoke(NativeMethodAccessorImpl.java:77)
at java.base/jdk.internal.reflect.DelegatingMethodAccessorImpl.invoke(DelegatingMethodAccessorImpl.java:43)
at java.base/java.lang.reflect.Method.invoke(Method.java:568)
at org.testng.internal.MethodInvocationHelper.invokeMethod(MethodInvocationHelper.java:133)
at org.testng.internal.TestInvoker.invokeMethod(TestInvoker.java:598)
at org.testng.internal.TestInvoker.invokeTestMethod(TestInvoker.java:173)
at org.testng.internal.MethodRunner.runInSequence(MethodRunner.java:46)
at org.testng.internal.TestInvoker$MethodInvocationAgent.invoke(TestInvoker.java:824)
at org.testng.internal.TestInvoker.invokeTestMethods(TestInvoker.java:146)
at org.testng.internal.TestMethodWorker.invokeTestMethods(TestMethodWorker.java:146)
at org.testng.internal.TestMethodWorker.run(TestMethodWorker.java:128)
at java.base/java.util.concurrent.ThreadPoolExecutor.runWorker(ThreadPoolExecutor.java:1136)
at java.base/java.util.concurrent.ThreadPoolExecutor$Worker.run(ThreadPoolExecutor.java:635)
at java.base/java.lang.Thread.run(Thread.java:833)
]]>
            </full-stacktrace>
          </exception> <!-- java.lang.AssertionError -->
          <reporter-output>
          </reporter-output>
        </test-method> <!-- MasterPage2 -->
      </class> <!-- test.demo6 -->
    </test> <!-- Regression -->
  </suite> <!-- TestNG Suite -->
</testng-results>
